20.11.2024 13:54:41_Daily Weather Config Load Edildi: https://api.openweathermap.org/data/2.5/weather?lat=41,677132&lon=26,555716&appid=419410ca365aad61c3e6119faaef56b1
20.11.2024 13:54:42_Hava Durumu Loglama alındı
20.11.2024 13:54:42_Hava Durumu Serialize edildi
20.11.2024 13:54:42_Hava Durumu degerler turkcelestirildi
20.11.2024 13:54:42_Hava Durumu degerler kaydedildi
20.11.2024 13:54:42_Hava Durumu Loglama alındı
20.11.2024 13:55:51_Daily Weather Config Load Edildi: https://api.openweathermap.org/data/2.5/weather?lat=41,677132&lon=26,555716&appid=419410ca365aad61c3e6119faaef56b1
20.11.2024 13:55:51_Hava Durumu Loglama alındı
20.11.2024 13:55:51_Hava Durumu Serialize edildi
20.11.2024 13:55:51_Hava Durumu degerler turkcelestirildi
20.11.2024 13:55:51_Hava Durumu degerler kaydedildi
20.11.2024 13:55:51_Hava Durumu Loglama alındı
20.11.2024 13:55:57_Hava Durumu Loglama alındı
20.11.2024 13:55:57_Hava Durumu Serialize edildi
20.11.2024 13:55:57_Hava Durumu degerler turkcelestirildi
20.11.2024 13:55:57_Hava Durumu degerler kaydedildi
20.11.2024 13:55:57_Hava Durumu Loglama alındı
20.11.2024 13:56:04_Hava Durumu Loglama alındı
20.11.2024 13:56:04_Hava Durumu Serialize edildi
20.11.2024 13:56:04_Hava Durumu degerler turkcelestirildi
20.11.2024 13:56:04_Hava Durumu degerler kaydedildi
20.11.2024 13:56:04_Hava Durumu Loglama alındı
